#
# There is insufficient memory for the Java Runtime Environment to continue.
# Native memory allocation (malloc) failed to allocate 887408 bytes. Error detail: Chunk::new
# Possible reasons:
#   The system is out of physical RAM or swap space
#   This process is running with CompressedOops enabled, and the Java Heap may be blocking the growth of the native heap
# Possible solutions:
#   Reduce memory load on the system
#   Increase physical memory or swap space
#   Check if swap backing store is full
#   Decrease Java heap size (-Xmx/-Xms)
#   Decrease number of Java threads
#   Decrease Java thread stack sizes (-Xss)
#   Set larger code cache with -XX:ReservedCodeCacheSize=
#   JVM is running with Zero Based Compressed Oops mode in which the Java heap is
#     placed in the first 32GB address space. The Java Heap base address is the
#     maximum limit for the native heap growth. Please use -XX:HeapBaseMinAddress
#     to set the Java Heap base and to place the Java Heap above 32GB virtual address.
# This output file may be truncated or incomplete.
#
#  Out of Memory Error (arena.cpp:168), pid=18584, tid=28048
#
# JRE version: OpenJDK Runtime Environment Temurin-21.0.8+9 (21.0.8+9) (build 21.0.8+9-LTS)
# Java VM: OpenJDK 64-Bit Server VM Temurin-21.0.8+9 (21.0.8+9-LTS, mixed mode, sharing, tiered, compressed oops, compressed class ptrs, g1 gc, windows-amd64)
# No core dump will be written. Minidumps are not enabled by default on client versions of Windows
#

---------------  S U M M A R Y ------------

Command Line: -Dfile.encoding=UTF-8 -Duser.country=ZA -Duser.language=en -Duser.variant com.test.app.TestAppBackEnd.TestAppBackEndApplication

Host: 13th Gen Intel(R) Core(TM) i7-1355U, 12 cores, 15G,  Windows 11 , 64 bit Build 26100 (10.0.26100.5074)
Time: Fri Sep 12 21:14:16 2025 South Africa Standard Time elapsed time: 3915.028344 seconds (0d 1h 5m 15s)

---------------  T H R E A D  ---------------

Current thread (0x000001ce135cf360):  JavaThread "C2 CompilerThread0" daemon [_thread_in_native, id=28048, stack(0x000000be29e00000,0x000000be29f00000) (1024K)]


Current CompileTask:
C2:3915032 6802   !   4       java.util.concurrent.ThreadPoolExecutor::getTask (177 bytes)

Stack: [0x000000be29e00000,0x000000be29f00000]
Native frames: (J=compiled Java code, j=interpreted, Vv=VM code, C=native code)
V  [jvm.dll+0x6d2449]
V  [jvm.dll+0x8ae341]
V  [jvm.dll+0x8b08be]
V  [jvm.dll+0x8b0fa3]
V  [jvm.dll+0x280c96]
V  [jvm.dll+0xc581d]
V  [jvm.dll+0xc5d53]
V  [jvm.dll+0x3b919c]
V  [jvm.dll+0x385315]
V  [jvm.dll+0x38477a]
V  [jvm.dll+0x248ed0]
V  [jvm.dll+0x2484af]
V  [jvm.dll+0x1c89ee]
V  [jvm.dll+0x257d4d]
V  [jvm.dll+0x2562ea]
V  [jvm.dll+0x3f2d16]
V  [jvm.dll+0x857e6b]
V  [jvm.dll+0x6d0b0d]
C  [ucrtbase.dll+0x37b0]
C  [KERNEL32.DLL+0x2e8d7]
C  [ntdll.dll+0x8d9c]


---------------  P R O C E S S  ---------------

Threads class SMR info:
_java_thread_list=0x000001ce5c8efe20, length=29, elements={
0x000001ce135bc8f0, 0x000001ce135c1450, 0x000001ce135c7900, 0x000001ce135c9360,
0x000001ce135c9db0, 0x000001ce135cbcc0, 0x000001ce135cf360, 0x000001ce135d1d70,
0x000001ce13728750, 0x000001ce13740190, 0x000001ce5a400350, 0x000001ce5931a600,
0x000001ce5b220e10, 0x000001ce5b221b30, 0x000001ce5a86ae80, 0x000001ce5a86b510,
0x000001ce5a868db0, 0x000001ce5a868090, 0x000001ce5a86bba0, 0x000001ce5a86a160,
0x000001ce5a869440, 0x000001ce5a868720, 0x000001ce5a86a7f0, 0x000001ce5a86c230,
0x000001ce5a86cf50, 0x000001ce5a86c8c0, 0x000001ce5a869ad0, 0x000001ce5a86d5e0,
0x000001ce5a86dc70
}

Java Threads: ( => current thread )
  0x000001ce135bc8f0 JavaThread "Reference Handler"          daemon [_thread_blocked, id=49464, stack(0x000000be29800000,0x000000be29900000) (1024K)]
  0x000001ce135c1450 JavaThread "Finalizer"                  daemon [_thread_blocked, id=22496, stack(0x000000be29900000,0x000000be29a00000) (1024K)]
  0x000001ce135c7900 JavaThread "Signal Dispatcher"          daemon [_thread_blocked, id=43840, stack(0x000000be29a00000,0x000000be29b00000) (1024K)]
  0x000001ce135c9360 JavaThread "Attach Listener"            daemon [_thread_blocked, id=43552, stack(0x000000be29b00000,0x000000be29c00000) (1024K)]
  0x000001ce135c9db0 JavaThread "Service Thread"             daemon [_thread_blocked, id=47768, stack(0x000000be29c00000,0x000000be29d00000) (1024K)]
  0x000001ce135cbcc0 JavaThread "Monitor Deflation Thread"   daemon [_thread_blocked, id=37856, stack(0x000000be29d00000,0x000000be29e00000) (1024K)]
=>0x000001ce135cf360 JavaThread "C2 CompilerThread0"         daemon [_thread_in_native, id=28048, stack(0x000000be29e00000,0x000000be29f00000) (1024K)]
  0x000001ce135d1d70 JavaThread "C1 CompilerThread0"         daemon [_thread_blocked, id=42884, stack(0x000000be29f00000,0x000000be2a000000) (1024K)]
  0x000001ce13728750 JavaThread "Notification Thread"        daemon [_thread_blocked, id=45212, stack(0x000000be2a000000,0x000000be2a100000) (1024K)]
  0x000001ce13740190 JavaThread "Common-Cleaner"             daemon [_thread_blocked, id=45464, stack(0x000000be2a100000,0x000000be2a200000) (1024K)]
  0x000001ce5a400350 JavaThread "mysql-cj-abandoned-connection-cleanup" daemon [_thread_blocked, id=41344, stack(0x000000be2a800000,0x000000be2a900000) (1024K)]
  0x000001ce5931a600 JavaThread "HikariPool-1:housekeeper"   daemon [_thread_blocked, id=37692, stack(0x000000be2b100000,0x000000be2b200000) (1024K)]
  0x000001ce5b220e10 JavaThread "Catalina-utility-1"                [_thread_blocked, id=44400, stack(0x000000be2ac00000,0x000000be2ad00000) (1024K)]
  0x000001ce5b221b30 JavaThread "Catalina-utility-2"                [_thread_blocked, id=21360, stack(0x000000be2b300000,0x000000be2b400000) (1024K)]
  0x000001ce5a86ae80 JavaThread "container-0"                       [_thread_blocked, id=37936, stack(0x000000be2b400000,0x000000be2b500000) (1024K)]
  0x000001ce5a86b510 JavaThread "spring-session-1"                  [_thread_blocked, id=49796, stack(0x000000be2b600000,0x000000be2b700000) (1024K)]
  0x000001ce5a868db0 JavaThread "http-nio-8080-exec-1"       daemon [_thread_blocked, id=33896, stack(0x000000be2b700000,0x000000be2b800000) (1024K)]
  0x000001ce5a868090 JavaThread "http-nio-8080-exec-2"       daemon [_thread_blocked, id=26684, stack(0x000000be2b800000,0x000000be2b900000) (1024K)]
  0x000001ce5a86bba0 JavaThread "http-nio-8080-exec-3"       daemon [_thread_blocked, id=29376, stack(0x000000be2b900000,0x000000be2ba00000) (1024K)]
  0x000001ce5a86a160 JavaThread "http-nio-8080-exec-4"       daemon [_thread_blocked, id=39816, stack(0x000000be2ba00000,0x000000be2bb00000) (1024K)]
  0x000001ce5a869440 JavaThread "http-nio-8080-exec-5"       daemon [_thread_blocked, id=42008, stack(0x000000be2bb00000,0x000000be2bc00000) (1024K)]
  0x000001ce5a868720 JavaThread "http-nio-8080-exec-6"       daemon [_thread_blocked, id=26016, stack(0x000000be2bc00000,0x000000be2bd00000) (1024K)]
  0x000001ce5a86a7f0 JavaThread "http-nio-8080-exec-7"       daemon [_thread_blocked, id=41956, stack(0x000000be2bd00000,0x000000be2be00000) (1024K)]
  0x000001ce5a86c230 JavaThread "http-nio-8080-exec-8"       daemon [_thread_blocked, id=40672, stack(0x000000be2be00000,0x000000be2bf00000) (1024K)]
  0x000001ce5a86cf50 JavaThread "http-nio-8080-exec-9"       daemon [_thread_blocked, id=45136, stack(0x000000be2bf00000,0x000000be2c000000) (1024K)]
  0x000001ce5a86c8c0 JavaThread "http-nio-8080-exec-10"      daemon [_thread_blocked, id=47772, stack(0x000000be2c000000,0x000000be2c100000) (1024K)]
  0x000001ce5a869ad0 JavaThread "http-nio-8080-Poller"       daemon [_thread_in_native, id=47896, stack(0x000000be2c100000,0x000000be2c200000) (1024K)]
  0x000001ce5a86d5e0 JavaThread "http-nio-8080-Acceptor"     daemon [_thread_in_native, id=42432, stack(0x000000be2c200000,0x000000be2c300000) (1024K)]
  0x000001ce5a86dc70 JavaThread "DestroyJavaVM"                     [_thread_blocked, id=49516, stack(0x000000be29000000,0x000000be29100000) (1024K)]
Total: 29

Other Threads:
  0x000001ce719e0cd0 VMThread "VM Thread"                           [id=44944, stack(0x000000be29700000,0x000000be29800000) (1024K)]
  0x000001ce13590ac0 WatcherThread "VM Periodic Task Thread"        [id=1704, stack(0x000000be29600000,0x000000be29700000) (1024K)]
  0x000001ce719e1ef0 WorkerThread "GC Thread#0"                     [id=27404, stack(0x000000be29100000,0x000000be29200000) (1024K)]
  0x000001ce719e1070 WorkerThread "GC Thread#1"                     [id=44416, stack(0x000000be2a300000,0x000000be2a400000) (1024K)]
  0x000001ce719e1410 WorkerThread "GC Thread#2"                     [id=45748, stack(0x000000be2a400000,0x000000be2a500000) (1024K)]
  0x000001ce719e0590 WorkerThread "GC Thread#3"                     [id=25752, stack(0x000000be2a500000,0x000000be2a600000) (1024K)]
  0x000001ce719e17b0 WorkerThread "GC Thread#4"                     [id=41444, stack(0x000000be2a600000,0x000000be2a700000) (1024K)]
  0x000001ce598a7730 WorkerThread "GC Thread#5"                     [id=10236, stack(0x000000be2a700000,0x000000be2a800000) (1024K)]
  0x000001ce598a6510 WorkerThread "GC Thread#6"                     [id=33532, stack(0x000000be2a900000,0x000000be2aa00000) (1024K)]
  0x000001ce598a7ad0 WorkerThread "GC Thread#7"                     [id=8692, stack(0x000000be2aa00000,0x000000be2ab00000) (1024K)]
  0x000001ce598a4810 WorkerThread "GC Thread#8"                     [id=46968, stack(0x000000be2ab00000,0x000000be2ac00000) (1024K)]
  0x000001ce598a6c50 WorkerThread "GC Thread#9"                     [id=29100, stack(0x000000be2ad00000,0x000000be2ae00000) (1024K)]
  0x000001ce73e59030 ConcurrentGCThread "G1 Main Marker"            [id=34776, stack(0x000000be29200000,0x000000be29300000) (1024K)]
  0x000001ce719e1b50 WorkerThread "G1 Conc#0"                       [id=46992, stack(0x000000be29300000,0x000000be29400000) (1024K)]
  0x000001ce598a5dd0 WorkerThread "G1 Conc#1"                       [id=35080, stack(0x000000be2ae00000,0x000000be2af00000) (1024K)]
  0x000001ce598a4f50 WorkerThread "G1 Conc#2"                       [id=39132, stack(0x000000be2af00000,0x000000be2b000000) (1024K)]
  0x000001ce13461100 ConcurrentGCThread "G1 Refine#0"               [id=34068, stack(0x000000be29400000,0x000000be29500000) (1024K)]
  0x000001ce13461a80 ConcurrentGCThread "G1 Service"                [id=42128, stack(0x000000be29500000,0x000000be29600000) (1024K)]
Total: 18

Threads with active compile tasks:
C2 CompilerThread0  3923039 6802   !   4       java.util.concurrent.ThreadPoolExecutor::getTask (177 bytes)
Total: 1

VM state: not at safepoint (normal execution)

VM Mutex/Monitor currently owned by a thread: None

Heap address: 0x0000000705a00000, size: 4006 MB, Compressed Oops mode: Zero based, Oop shift amount: 3

CDS archive(s) mapped at: [0x000001ce14000000-0x000001ce14c80000-0x000001ce14c80000), size 13107200, SharedBaseAddress: 0x000001ce14000000, ArchiveRelocationMode: 1.
Compressed class space mapped at: 0x000001ce15000000-0x000001ce55000000, reserved size: 1073741824
Narrow klass base: 0x000001ce14000000, Narrow klass shift: 0, Narrow klass range: 0x100000000

GC Precious Log:
 CardTable entry size: 512
 Card Set container configuration: InlinePtr #cards 4 size 8 Array Of Cards #cards 16 size 48 Howl #buckets 8 coarsen threshold 3686 Howl Bitmap #cards 512 size 80 coarsen threshold 460 Card regions per heap region 1 cards per card region 4096
 CPUs: 12 total, 12 available
 Memory: 16016M
 Large Page Support: Disabled
 NUMA Support: Disabled
 Compressed Oops: Enabled (Zero based)
 Heap Region Size: 2M
 Heap Min Capacity: 8M
 Heap Initial Capacity: 252M
 Heap Max Capacity: 4006M
 Pre-touch: Disabled
 Parallel Workers: 10
 Concurrent Workers: 3
 Concurrent Refinement Workers: 10
 Periodic GC: Disabled

Heap:
 garbage-first heap   total 79872K, used 58558K [0x0000000705a00000, 0x0000000800000000)
  region size 2048K, 18 young (36864K), 3 survivors (6144K)
 Metaspace       used 73113K, committed 73856K, reserved 1114112K
  class space    used 9920K, committed 10240K, reserved 1048576K

Heap Regions: E=young(eden), S=young(survivor), O=old, HS=humongous(starts), HC=humongous(continues), CS=collection set, F=free, TAMS=top-at-mark-start, PB=parsable bottom
|   0|0x0000000705a00000, 0x0000000705c00000, 0x0000000705c00000|100%| O|  |TAMS 0x0000000705a00000| PB 0x0000000705a00000| Untracked 
|   1|0x0000000705c00000, 0x0000000705e00000, 0x0000000705e00000|100%| O|  |TAMS 0x0000000705c00000| PB 0x0000000705c00000| Untracked 
|   2|0x0000000705e00000, 0x0000000706000000, 0x0000000706000000|100%| O|  |TAMS 0x0000000705e00000| PB 0x0000000705e00000| Untracked 
|   3|0x0000000706000000, 0x0000000706200000, 0x0000000706200000|100%| O|  |TAMS 0x0000000706000000| PB 0x0000000706000000| Untracked 
|   4|0x0000000706200000, 0x0000000706400000, 0x0000000706400000|100%| O|  |TAMS 0x0000000706200000| PB 0x0000000706200000| Untracked 
|   5|0x0000000706400000, 0x0000000706600000, 0x0000000706600000|100%| O|  |TAMS 0x0000000706400000| PB 0x0000000706400000| Untracked 
|   6|0x0000000706600000, 0x0000000706800000, 0x0000000706800000|100%| O|  |TAMS 0x0000000706600000| PB 0x0000000706600000| Untracked 
|   7|0x0000000706800000, 0x0000000706a00000, 0x0000000706a00000|100%| O|  |TAMS 0x0000000706800000| PB 0x0000000706800000| Untracked 
|   8|0x0000000706a00000, 0x0000000706c00000, 0x0000000706c00000|100%| O|  |TAMS 0x0000000706a00000| PB 0x0000000706a00000| Untracked 
|   9|0x0000000706c00000, 0x0000000706e00000, 0x0000000706e00000|100%| O|Cm|TAMS 0x0000000706c00000| PB 0x0000000706c00000| Complete 
|  10|0x0000000706e00000, 0x0000000707000000, 0x0000000707000000|100%| O|  |TAMS 0x0000000706e00000| PB 0x0000000706e00000| Untracked 
|  11|0x0000000707000000, 0x000000070712fb10, 0x0000000707200000| 59%| O|  |TAMS 0x0000000707000000| PB 0x0000000707000000| Untracked 
|  12|0x0000000707200000, 0x0000000707200000, 0x0000000707400000|  0%| F|  |TAMS 0x0000000707200000| PB 0x0000000707200000| Untracked 
|  13|0x0000000707400000, 0x0000000707400000, 0x0000000707600000|  0%| F|  |TAMS 0x0000000707400000| PB 0x0000000707400000| Untracked 
|  14|0x0000000707600000, 0x0000000707800000, 0x0000000707800000|100%| S|CS|TAMS 0x0000000707600000| PB 0x0000000707600000| Complete 
|  15|0x0000000707800000, 0x0000000707a00000, 0x0000000707a00000|100%| S|CS|TAMS 0x0000000707800000| PB 0x0000000707800000| Complete 
|  16|0x0000000707a00000, 0x0000000707c00000, 0x0000000707c00000|100%| S|CS|TAMS 0x0000000707a00000| PB 0x0000000707a00000| Complete 
|  17|0x0000000707c00000, 0x0000000707c00000, 0x0000000707e00000|  0%| F|  |TAMS 0x0000000707c00000| PB 0x0000000707c00000| Untracked 
|  18|0x0000000707e00000, 0x0000000707e00000, 0x0000000708000000|  0%| F|  |TAMS 0x0000000707e00000| PB 0x0000000707e00000| Untracked 
|  19|0x0000000708000000, 0x0000000708000000, 0x0000000708200000|  0%| F|  |TAMS 0x0000000708000000| PB 0x0000000708000000| Untracked 
|  20|0x0000000708200000, 0x0000000708200000, 0x0000000708400000|  0%| F|  |TAMS 0x0000000708200000| PB 0x0000000708200000| Untracked 
|  21|0x0000000708400000, 0x0000000708400000, 0x0000000708600000|  0%| F|  |TAMS 0x0000000708400000| PB 0x0000000708400000| Untracked 
|  22|0x0000000708600000, 0x0000000708600000, 0x0000000708800000|  0%| F|  |TAMS 0x0000000708600000| PB 0x0000000708600000| Untracked 
|  23|0x0000000708800000, 0x0000000708800000, 0x0000000708a00000|  0%| F|  |TAMS 0x0000000708800000| PB 0x0000000708800000| Untracked 
|  24|0x0000000708a00000, 0x0000000708c00000, 0x0000000708c00000|100%| E|  |TAMS 0x0000000708a00000| PB 0x0000000708a00000| Complete 
|  25|0x0000000708c00000, 0x0000000708e00000, 0x0000000708e00000|100%| E|CS|TAMS 0x0000000708c00000| PB 0x0000000708c00000| Complete 
|  26|0x0000000708e00000, 0x0000000709000000, 0x0000000709000000|100%| E|CS|TAMS 0x0000000708e00000| PB 0x0000000708e00000| Complete 
|  27|0x0000000709000000, 0x0000000709200000, 0x0000000709200000|100%| E|CS|TAMS 0x0000000709000000| PB 0x0000000709000000| Complete 
|  28|0x0000000709200000, 0x0000000709400000, 0x0000000709400000|100%| E|CS|TAMS 0x0000000709200000| PB 0x0000000709200000| Complete 
|  29|0x0000000709400000, 0x0000000709600000, 0x0000000709600000|100%| E|CS|TAMS 0x0000000709400000| PB 0x0000000709400000| Complete 
|  30|0x0000000709600000, 0x0000000709800000, 0x0000000709800000|100%| E|CS|TAMS 0x0000000709600000| PB 0x0000000709600000| Complete 
|  31|0x0000000709800000, 0x0000000709a00000, 0x0000000709a00000|100%| E|CS|TAMS 0x0000000709800000| PB 0x0000000709800000| Complete 
|  32|0x0000000709a00000, 0x0000000709c00000, 0x0000000709c00000|100%| E|CS|TAMS 0x0000000709a00000| PB 0x0000000709a00000| Complete 
|  33|0x0000000709c00000, 0x0000000709e00000, 0x0000000709e00000|100%| E|CS|TAMS 0x0000000709c00000| PB 0x0000000709c00000| Complete 
|  97|0x0000000711c00000, 0x0000000711e00000, 0x0000000711e00000|100%| E|CS|TAMS 0x0000000711c00000| PB 0x0000000711c00000| Complete 
|  98|0x0000000711e00000, 0x0000000712000000, 0x0000000712000000|100%| E|CS|TAMS 0x0000000711e00000| PB 0x0000000711e00000| Complete 
|  99|0x0000000712000000, 0x0000000712200000, 0x0000000712200000|100%| E|CS|TAMS 0x0000000712000000| PB 0x0000000712000000| Complete 
| 100|0x0000000712200000, 0x0000000712400000, 0x0000000712400000|100%| E|CS|TAMS 0x0000000712200000| PB 0x0000000712200000| Complete 
| 125|0x0000000715400000, 0x0000000715600000, 0x0000000715600000|100%| E|CS|TAMS 0x0000000715400000| PB 0x0000000715400000| Complete 

Card table byte_map: [0x000001ce7d200000,0x000001ce7d9e0000] _byte_map_base: 0x000001ce799d3000

Marking Bits: (CMBitMap*) 0x000001ce73e47670
 Bits: [0x000001ce0f000000, 0x000001ce12e98000)

Polling page: 0x000001ce71ba0000

Metaspace:

Usage:
  Non-class:     61.71 MB used.
      Class:      9.69 MB used.
       Both:     71.40 MB used.

Virtual space:
  Non-class space:       64.00 MB reserved,      62.12 MB ( 97%) committed,  1 nodes.
      Class space:        1.00 GB reserved,      10.00 MB ( <1%) committed,  1 nodes.
             Both:        1.06 GB reserved,      72.12 MB (  7%) committed. 

Chunk freelists:
   Non-Class:  1.89 MB
       Class:  6.00 MB
        Both:  7.89 MB

MaxMetaspaceSize: unlimited
CompressedClassSpaceSize: 1.00 GB
Initial GC threshold: 21.00 MB
Current GC threshold: 98.25 MB
CDS: on
 - commit_granule_bytes: 65536.
 - commit_granule_words: 8192.
 - virtual_space_node_default_size: 8388608.
 - enlarge_chunks_in_place: 1.
 - use_allocation_guard: 0.


Internal statistics:

num_allocs_failed_limit: 9.
num_arena_births: 1044.
num_arena_deaths: 0.
num_vsnodes_births: 2.
num_vsnodes_deaths: 0.
num_space_committed: 1153.
num_space_uncommitted: 0.
num_chunks_returned_to_freelist: 9.
num_chunks_taken_from_freelist: 3614.
num_chunk_merges: 9.
num_chunk_splits: 2608.
num_chunks_enlarged: 2053.
num_inconsistent_stats: 0.

CodeHeap 'non-profiled nmethods': size=120000Kb used=4303Kb max_used=4303Kb free=115696Kb
 bounds [0x000001ce07ad0000, 0x000001ce07f10000, 0x000001ce0f000000]
CodeHeap 'profiled nmethods': size=120000Kb used=12065Kb max_used=12065Kb free=107935Kb
 bounds [0x000001ce00000000, 0x000001ce00bd0000, 0x000001ce07530000]
CodeHeap 'non-nmethods': size=5760Kb used=1690Kb max_used=1768Kb free=4070Kb
 bounds [0x000001ce07530000, 0x000001ce077a0000, 0x000001ce07ad0000]
CodeCache: size=245760Kb, used=18058Kb, max_used=18136Kb, free=227701Kb
 total_blobs=6822, nmethods=6101, adapters=625, full_count=0
Compilation: enabled, stopped_count=0, restarted_count=0

Compilation events (20 events):
Event: 3718.161 Thread 0x000001ce135d1d70 nmethod 6789 0x000001ce00bc0e90 code [0x000001ce00bc1040, 0x000001ce00bc1198]
Event: 3718.161 Thread 0x000001ce135d1d70 6790   !   3       com.mysql.cj.jdbc.result.ResultSetFactory::createFromProtocolEntity (99 bytes)
Event: 3718.168 Thread 0x000001ce135d1d70 nmethod 6790 0x000001ce00bc1290 code [0x000001ce00bc1580, 0x000001ce00bc2528]
Event: 3743.534 Thread 0x000001ce135cf360 6791       4       java.util.concurrent.locks.AbstractQueuedSynchronizer$ConditionObject::doSignal (62 bytes)
Event: 3743.553 Thread 0x000001ce135cf360 nmethod 6791 0x000001ce07f00f10 code [0x000001ce07f010c0, 0x000001ce07f01798]
Event: 3763.526 Thread 0x000001ce135cf360 6792   !   4       java.util.concurrent.locks.AbstractQueuedSynchronizer::acquire (424 bytes)
Event: 3763.570 Thread 0x000001ce135cf360 nmethod 6792 0x000001ce07f01990 code [0x000001ce07f01ba0, 0x000001ce07f02b28]
Event: 3828.351 Thread 0x000001ce135cf360 6793       4       java.util.Collections$UnmodifiableCollection::iterator (9 bytes)
Event: 3828.368 Thread 0x000001ce135cf360 nmethod 6793 0x000001ce07f03090 code [0x000001ce07f03220, 0x000001ce07f03420]
Event: 3865.446 Thread 0x000001ce135d1d70 6794   !   3       com.mysql.cj.NativeSession::ping (388 bytes)
Event: 3865.640 Thread 0x000001ce135d1d70 nmethod 6794 0x000001ce00bc2b90 code [0x000001ce00bc30a0, 0x000001ce00bc6100]
Event: 3865.967 Thread 0x000001ce135d1d70 6798       3       com.mysql.cj.protocol.a.result.NativeResultset::<init> (77 bytes)
Event: 3865.985 Thread 0x000001ce135d1d70 nmethod 6798 0x000001ce00bc7690 code [0x000001ce00bc78a0, 0x000001ce00bc8178]
Event: 3886.843 Thread 0x000001ce135cf360 6799       4       java.util.concurrent.ThreadPoolExecutor$Worker::unlock (7 bytes)
Event: 3886.987 Thread 0x000001ce135cf360 nmethod 6799 0x000001ce07f03510 code [0x000001ce07f036c0, 0x000001ce07f03840]
Event: 3900.203 Thread 0x000001ce135d1d70 6800       1       com.mysql.cj.NativeQueryBindValue::getValue (5 bytes)
Event: 3900.211 Thread 0x000001ce135d1d70 nmethod 6800 0x000001ce07f03910 code [0x000001ce07f03aa0, 0x000001ce07f03b70]
Event: 3900.271 Thread 0x000001ce135d1d70 6801       1       com.zaxxer.hikari.pool.PoolEntry::isMarkedEvicted (5 bytes)
Event: 3900.271 Thread 0x000001ce135d1d70 nmethod 6801 0x000001ce07f03c10 code [0x000001ce07f03da0, 0x000001ce07f03e70]
Event: 3908.672 Thread 0x000001ce135cf360 6802   !   4       java.util.concurrent.ThreadPoolExecutor::getTask (177 bytes)

GC Heap History (20 events):
Event: 0.469 GC heap before
{Heap before GC invocations=0 (full 0):
 garbage-first heap   total 258048K, used 20480K [0x0000000705a00000, 0x0000000800000000)
  region size 2048K, 11 young (22528K), 0 survivors (0K)
 Metaspace       used 5212K, committed 5376K, reserved 1114112K
  class space    used 603K, committed 704K, reserved 1048576K
}
Event: 0.474 GC heap after
{Heap after GC invocations=1 (full 0):
 garbage-first heap   total 258048K, used 7382K [0x0000000705a00000, 0x0000000800000000)
  region size 2048K, 2 young (4096K), 2 survivors (4096K)
 Metaspace       used 5212K, committed 5376K, reserved 1114112K
  class space    used 603K, committed 704K, reserved 1048576K
}
Event: 0.925 GC heap before
{Heap before GC invocations=1 (full 0):
 garbage-first heap   total 258048K, used 31958K [0x0000000705a00000, 0x0000000800000000)
  region size 2048K, 14 young (28672K), 2 survivors (4096K)
 Metaspace       used 11240K, committed 11648K, reserved 1114112K
  class space    used 1498K, committed 1664K, reserved 1048576K
}
Event: 0.930 GC heap after
{Heap after GC invocations=2 (full 0):
 garbage-first heap   total 258048K, used 9260K [0x0000000705a00000, 0x0000000800000000)
  region size 2048K, 1 young (2048K), 1 survivors (2048K)
 Metaspace       used 11240K, committed 11648K, reserved 1114112K
  class space    used 1498K, committed 1664K, reserved 1048576K
}
Event: 1.642 GC heap before
{Heap before GC invocations=2 (full 0):
 garbage-first heap   total 258048K, used 54316K [0x0000000705a00000, 0x0000000800000000)
  region size 2048K, 25 young (51200K), 1 survivors (2048K)
 Metaspace       used 21203K, committed 21504K, reserved 1114112K
  class space    used 2743K, committed 2880K, reserved 1048576K
}
Event: 1.647 GC heap after
{Heap after GC invocations=3 (full 0):
 garbage-first heap   total 258048K, used 13910K [0x0000000705a00000, 0x0000000800000000)
  region size 2048K, 4 young (8192K), 4 survivors (8192K)
 Metaspace       used 21203K, committed 21504K, reserved 1114112K
  class space    used 2743K, committed 2880K, reserved 1048576K
}
Event: 2.619 GC heap before
{Heap before GC invocations=4 (full 0):
 garbage-first heap   total 55296K, used 52822K [0x0000000705a00000, 0x0000000800000000)
  region size 2048K, 23 young (47104K), 4 survivors (8192K)
 Metaspace       used 26764K, committed 27136K, reserved 1114112K
  class space    used 3490K, committed 3648K, reserved 1048576K
}
Event: 2.627 GC heap after
{Heap after GC invocations=5 (full 0):
 garbage-first heap   total 65536K, used 17148K [0x0000000705a00000, 0x0000000800000000)
  region size 2048K, 5 young (10240K), 5 survivors (10240K)
 Metaspace       used 26764K, committed 27136K, reserved 1114112K
  class space    used 3490K, committed 3648K, reserved 1048576K
}
Event: 3.281 GC heap before
{Heap before GC invocations=5 (full 0):
 garbage-first heap   total 65536K, used 45820K [0x0000000705a00000, 0x0000000800000000)
  region size 2048K, 19 young (38912K), 5 survivors (10240K)
 Metaspace       used 32169K, committed 32704K, reserved 1114112K
  class space    used 4229K, committed 4480K, reserved 1048576K
}
Event: 3.291 GC heap after
{Heap after GC invocations=6 (full 0):
 garbage-first heap   total 65536K, used 19697K [0x0000000705a00000, 0x0000000800000000)
  region size 2048K, 2 young (4096K), 2 survivors (4096K)
 Metaspace       used 32169K, committed 32704K, reserved 1114112K
  class space    used 4229K, committed 4480K, reserved 1048576K
}
Event: 3.696 GC heap before
{Heap before GC invocations=6 (full 0):
 garbage-first heap   total 65536K, used 29937K [0x0000000705a00000, 0x0000000800000000)
  region size 2048K, 8 young (16384K), 2 survivors (4096K)
 Metaspace       used 35511K, committed 35968K, reserved 1114112K
  class space    used 4600K, committed 4800K, reserved 1048576K
}
Event: 3.702 GC heap after
{Heap after GC invocations=7 (full 0):
 garbage-first heap   total 65536K, used 21084K [0x0000000705a00000, 0x0000000800000000)
  region size 2048K, 1 young (2048K), 1 survivors (2048K)
 Metaspace       used 35511K, committed 35968K, reserved 1114112K
  class space    used 4600K, committed 4800K, reserved 1048576K
}
Event: 4.716 GC heap before
{Heap before GC invocations=8 (full 0):
 garbage-first heap   total 65536K, used 49756K [0x0000000705a00000, 0x0000000800000000)
  region size 2048K, 15 young (30720K), 1 survivors (2048K)
 Metaspace       used 42380K, committed 42944K, reserved 1114112K
  class space    used 5625K, committed 5888K, reserved 1048576K
}
Event: 4.721 GC heap after
{Heap after GC invocations=9 (full 0):
 garbage-first heap   total 79872K, used 23225K [0x0000000705a00000, 0x0000000800000000)
  region size 2048K, 2 young (4096K), 2 survivors (4096K)
 Metaspace       used 42380K, committed 42944K, reserved 1114112K
  class space    used 5625K, committed 5888K, reserved 1048576K
}
Event: 5.461 GC heap before
{Heap before GC invocations=9 (full 0):
 garbage-first heap   total 79872K, used 62137K [0x0000000705a00000, 0x0000000800000000)
  region size 2048K, 22 young (45056K), 2 survivors (4096K)
 Metaspace       used 53905K, committed 54528K, reserved 1114112K
  class space    used 7261K, committed 7552K, reserved 1048576K
}
Event: 5.469 GC heap after
{Heap after GC invocations=10 (full 0):
 garbage-first heap   total 79872K, used 25213K [0x0000000705a00000, 0x0000000800000000)
  region size 2048K, 3 young (6144K), 3 survivors (6144K)
 Metaspace       used 53905K, committed 54528K, reserved 1114112K
  class space    used 7261K, committed 7552K, reserved 1048576K
}
Event: 5.826 GC heap before
{Heap before GC invocations=10 (full 0):
 garbage-first heap   total 79872K, used 47741K [0x0000000705a00000, 0x0000000800000000)
  region size 2048K, 15 young (30720K), 3 survivors (6144K)
 Metaspace       used 59701K, committed 60288K, reserved 1114112K
  class space    used 8173K, committed 8448K, reserved 1048576K
}
Event: 5.832 GC heap after
{Heap after GC invocations=11 (full 0):
 garbage-first heap   total 79872K, used 26129K [0x0000000705a00000, 0x0000000800000000)
  region size 2048K, 2 young (4096K), 2 survivors (4096K)
 Metaspace       used 59701K, committed 60288K, reserved 1114112K
  class space    used 8173K, committed 8448K, reserved 1048576K
}
Event: 6.816 GC heap before
{Heap before GC invocations=12 (full 0):
 garbage-first heap   total 79872K, used 67089K [0x0000000705a00000, 0x0000000800000000)
  region size 2048K, 22 young (45056K), 2 survivors (4096K)
 Metaspace       used 66272K, committed 66944K, reserved 1114112K
  class space    used 9119K, committed 9408K, reserved 1048576K
}
Event: 6.822 GC heap after
{Heap after GC invocations=13 (full 0):
 garbage-first heap   total 79872K, used 29886K [0x0000000705a00000, 0x0000000800000000)
  region size 2048K, 3 young (6144K), 3 survivors (6144K)
 Metaspace       used 66272K, committed 66944K, reserved 1114112K
  class space    used 9119K, committed 9408K, reserved 1048576K
}

Dll operation events (11 events):
Event: 0.005 Loaded shared library C:\Program Files\Eclipse Adoptium\jdk-21.0.8.9-hotspot\bin\java.dll
Event: 0.024 Loaded shared library C:\Program Files\Eclipse Adoptium\jdk-21.0.8.9-hotspot\bin\jsvml.dll
Event: 0.065 Loaded shared library C:\Program Files\Eclipse Adoptium\jdk-21.0.8.9-hotspot\bin\net.dll
Event: 0.066 Loaded shared library C:\Program Files\Eclipse Adoptium\jdk-21.0.8.9-hotspot\bin\nio.dll
Event: 0.068 Loaded shared library C:\Program Files\Eclipse Adoptium\jdk-21.0.8.9-hotspot\bin\zip.dll
Event: 0.162 Loaded shared library C:\Program Files\Eclipse Adoptium\jdk-21.0.8.9-hotspot\bin\jimage.dll
Event: 1.639 Loaded shared library C:\Program Files\Eclipse Adoptium\jdk-21.0.8.9-hotspot\bin\sunmscapi.dll
Event: 3.168 Loaded shared library C:\Program Files\Eclipse Adoptium\jdk-21.0.8.9-hotspot\bin\management.dll
Event: 3.170 Loaded shared library C:\Program Files\Eclipse Adoptium\jdk-21.0.8.9-hotspot\bin\management_ext.dll
Event: 3.587 Loaded shared library C:\Program Files\Eclipse Adoptium\jdk-21.0.8.9-hotspot\bin\extnet.dll
Event: 4.587 Loaded shared library C:\Program Files\Eclipse Adoptium\jdk-21.0.8.9-hotspot\bin\verify.dll

Deoptimization events (20 events):
Event: 58.173 Thread 0x000001ce5a86b510 Uncommon trap: trap_request=0xffffff45 fr.pc=0x000001ce07c15678 relative=0x00000000000012d8
Event: 58.173 Thread 0x000001ce5a86b510 Uncommon trap: reason=unstable_if action=reinterpret pc=0x000001ce07c15678 method=com.mysql.cj.util.StringInspector.indexOfNextChar(Ljava/util/Set;)I @ 74 c2
Event: 58.173 Thread 0x000001ce5a86b510 DEOPT PACKING pc=0x000001ce07c15678 sp=0x000000be2b6fe2c0
Event: 58.173 Thread 0x000001ce5a86b510 DEOPT UNPACKING pc=0x000001ce075846a2 sp=0x000000be2b6fe238 mode 2
Event: 1691.517 Thread 0x000001ce5b220e10 Uncommon trap: trap_request=0xffffff45 fr.pc=0x000001ce07eed644 relative=0x0000000000000aa4
Event: 1691.517 Thread 0x000001ce5b220e10 Uncommon trap: reason=unstable_if action=reinterpret pc=0x000001ce07eed644 method=java.util.concurrent.locks.AbstractQueuedSynchronizer.acquire(Ljava/util/concurrent/locks/AbstractQueuedSynchronizer$Node;IZZZJ)I @ 49 c2
Event: 1691.518 Thread 0x000001ce5b220e10 DEOPT PACKING pc=0x000001ce07eed644 sp=0x000000be2acfed20
Event: 1691.520 Thread 0x000001ce5b220e10 DEOPT UNPACKING pc=0x000001ce075846a2 sp=0x000000be2acfeca0 mode 2
Event: 2355.529 Thread 0x000001ce5b220e10 Uncommon trap: trap_request=0xffffff45 fr.pc=0x000001ce07edebec relative=0x00000000000000cc
Event: 2355.534 Thread 0x000001ce5b220e10 Uncommon trap: reason=unstable_if action=reinterpret pc=0x000001ce07edebec method=java.util.concurrent.ScheduledThreadPoolExecutor$ScheduledFutureTask.compareTo(Ljava/util/concurrent/Delayed;)I @ 40 c2
Event: 2355.534 Thread 0x000001ce5b220e10 DEOPT PACKING pc=0x000001ce07edebec sp=0x000000be2acfed10
Event: 2355.538 Thread 0x000001ce5b220e10 DEOPT UNPACKING pc=0x000001ce075846a2 sp=0x000000be2acfec98 mode 2
Event: 2954.301 Thread 0x000001ce5931a600 Uncommon trap: trap_request=0xffffff45 fr.pc=0x000001ce07ad93cc relative=0x000000000000012c
Event: 2954.301 Thread 0x000001ce5931a600 Uncommon trap: reason=unstable_if action=reinterpret pc=0x000001ce07ad93cc method=java.lang.StringCoding.countPositives([BII)I @ 17 c2
Event: 2954.302 Thread 0x000001ce5931a600 DEOPT PACKING pc=0x000001ce07ad93cc sp=0x000000be2b1fec20
Event: 2954.302 Thread 0x000001ce5931a600 DEOPT UNPACKING pc=0x000001ce075846a2 sp=0x000000be2b1feba8 mode 2
Event: 3140.692 Thread 0x000001ce5a86f020 DEOPT PACKING pc=0x000001ce00ba4d49 sp=0x000000be28efe840
Event: 3140.693 Thread 0x000001ce5a86f020 DEOPT UNPACKING pc=0x000001ce07584e42 sp=0x000000be28efdcb0 mode 0
Event: 3518.564 Thread 0x000001ce5a86f6b0 DEOPT PACKING pc=0x000001ce00ba4d49 sp=0x000000be28efe940
Event: 3518.564 Thread 0x000001ce5a86f6b0 DEOPT UNPACKING pc=0x000001ce07584e42 sp=0x000000be28efddb0 mode 0

Classes loaded (20 events):
Event: 7.532 Loading class java/util/IdentityHashMap$KeySpliterator
Event: 7.533 Loading class java/util/IdentityHashMap$IdentityHashMapSpliterator
Event: 7.533 Loading class java/util/IdentityHashMap$IdentityHashMapSpliterator done
Event: 7.533 Loading class java/util/IdentityHashMap$KeySpliterator done
Event: 1396.088 Loading class java/security/InvalidKeyException
Event: 1396.088 Loading class java/security/KeyException
Event: 1396.089 Loading class java/security/KeyException done
Event: 1396.090 Loading class java/security/InvalidKeyException done
Event: 1396.091 Loading class java/security/SignatureException
Event: 1396.092 Loading class java/security/SignatureException done
Event: 1396.095 Loading class javax/net/ssl/SSLSocket
Event: 1396.101 Loading class javax/net/ssl/SSLSocket done
Event: 1396.149 Loading class javax/crypto/NoSuchPaddingException
Event: 1396.150 Loading class javax/crypto/NoSuchPaddingException done
Event: 1396.150 Loading class javax/crypto/IllegalBlockSizeException
Event: 1396.150 Loading class javax/crypto/IllegalBlockSizeException done
Event: 1396.151 Loading class javax/crypto/BadPaddingException
Event: 1396.151 Loading class javax/crypto/BadPaddingException done
Event: 1396.152 Loading class java/security/spec/InvalidKeySpecException
Event: 1396.152 Loading class java/security/spec/InvalidKeySpecException done

Classes unloaded (0 events):
No events

Classes redefined (0 events):
No events

Internal exceptions (20 events):
Event: 5.875 Thread 0x000001ce719f65e0 Exception <a 'java/lang/NoSuchMethodError'{0x00000007154a0b78}: 'java.lang.Object java.lang.invoke.DirectMethodHandle$Holder.invokeSpecial(java.lang.Object, java.lang.Object, int, java.lang.Object, int)'> (0x00000007154a0b78) 
thrown [s\src\hotspot\share\interpreter\linkResolver.cpp, line 773]
Event: 5.910 Thread 0x000001ce719f65e0 Implicit null exception at 0x000001ce07dffad6 to 0x000001ce07e01624
Event: 5.912 Thread 0x000001ce719f65e0 Exception <a 'java/lang/IncompatibleClassChangeError'{0x0000000712044bf0}: Found class java.lang.Object, but interface was expected> (0x0000000712044bf0) 
thrown [s\src\hotspot\share\interpreter\linkResolver.cpp, line 840]
Event: 5.932 Thread 0x000001ce719f65e0 Implicit null exception at 0x000001ce07dc8877 to 0x000001ce07dc8ae0
Event: 5.955 Thread 0x000001ce719f65e0 Exception <a 'java/lang/IncompatibleClassChangeError'{0x00000007121e1410}: Found class java.lang.Object, but interface was expected> (0x00000007121e1410) 
thrown [s\src\hotspot\share\interpreter\linkResolver.cpp, line 840]
Event: 6.028 Thread 0x000001ce719f65e0 Exception <a 'java/lang/IncompatibleClassChangeError'{0x0000000711d722c0}: Found class java.lang.Object, but interface was expected> (0x0000000711d722c0) 
thrown [s\src\hotspot\share\interpreter\linkResolver.cpp, line 840]
Event: 6.128 Thread 0x000001ce719f65e0 Exception <a 'java/lang/IncompatibleClassChangeError'{0x000000070985c9e8}: Found class java.lang.Object, but interface was expected> (0x000000070985c9e8) 
thrown [s\src\hotspot\share\interpreter\linkResolver.cpp, line 840]
Event: 6.128 Thread 0x000001ce719f65e0 Exception <a 'java/lang/IncompatibleClassChangeError'{0x0000000709862288}: Found class java.lang.Object, but interface was expected> (0x0000000709862288) 
thrown [s\src\hotspot\share\interpreter\linkResolver.cpp, line 840]
Event: 6.208 Thread 0x000001ce719f65e0 Exception <a 'java/lang/NoSuchMethodError'{0x0000000709450c98}: 'long java.lang.invoke.DirectMethodHandle$Holder.invokeVirtual(java.lang.Object, java.lang.Object)'> (0x0000000709450c98) 
thrown [s\src\hotspot\share\interpreter\linkResolver.cpp, line 773]
Event: 6.232 Thread 0x000001ce719f65e0 Exception <a 'java/lang/NoSuchMethodError'{0x000000070953dc90}: 'void java.lang.invoke.DirectMethodHandle$Holder.invokeVirtual(java.lang.Object, java.lang.Object, long)'> (0x000000070953dc90) 
thrown [s\src\hotspot\share\interpreter\linkResolver.cpp, line 773]
Event: 6.281 Thread 0x000001ce719f65e0 Exception <a 'java/lang/NoSuchMethodError'{0x0000000709081948}: 'void java.lang.invoke.Invokers$Holder.invokeExact_MT(java.lang.Object, java.lang.Object, java.lang.Object, java.lang.Object)'> (0x0000000709081948) 
thrown [s\src\hotspot\share\interpreter\linkResolver.cpp, line 773]
Event: 6.379 Thread 0x000001ce719f65e0 Exception <a 'java/lang/NoSuchMethodError'{0x000000070883d0a0}: 'java.lang.Object java.lang.invoke.DirectMethodHandle$Holder.newInvokeSpecial(java.lang.Object, java.lang.Object, java.lang.Object, java.lang.Object, java.lang.Object, java.lang.Object, java.lang.Object, java.lang.Object)'> (0x000000070883d0a0) 
thrown [s\src\hotspot\share\interpreter\linkResolver.cpp, line 773]
Event: 6.815 Thread 0x000001ce719f65e0 Exception <a 'java/lang/IncompatibleClassChangeError'{0x0000000707df9610}: Found class java.lang.Object, but interface was expected> (0x0000000707df9610) 
thrown [s\src\hotspot\share\interpreter\linkResolver.cpp, line 840]
Event: 6.937 Thread 0x000001ce719f65e0 Exception <a 'java/lang/NoSuchMethodError'{0x000000071231c1c0}: 'java.lang.Object java.lang.invoke.DirectMethodHandle$Holder.invokeInterface(java.lang.Object, java.lang.Object, java.lang.Object, java.lang.Object)'> (0x000000071231c1c0) 
thrown [s\src\hotspot\share\interpreter\linkResolver.cpp, line 773]
Event: 7.074 Thread 0x000001ce719f65e0 Exception <a 'java/lang/NoSuchMethodError'{0x0000000711ee7208}: 'int java.lang.invoke.DirectMethodHandle$Holder.invokeStaticInit(java.lang.Object, java.lang.Object, java.lang.Object, java.lang.Object)'> (0x0000000711ee7208) 
thrown [s\src\hotspot\share\interpreter\linkResolver.cpp, line 773]
Event: 7.081 Thread 0x000001ce719f65e0 Implicit null exception at 0x000001ce07cc9697 to 0x000001ce07cc9bac
Event: 7.139 Thread 0x000001ce719f65e0 Exception <a 'java/lang/IncompatibleClassChangeError'{0x0000000711c96b10}: Found class java.lang.Object, but interface was expected> (0x0000000711c96b10) 
thrown [s\src\hotspot\share\interpreter\linkResolver.cpp, line 840]
Event: 7.196 Thread 0x000001ce719f65e0 Exception <a 'java/lang/NoSuchMethodError'{0x0000000711df8fb8}: 'java.lang.Object java.lang.invoke.Invokers$Holder.invoke_MT(java.lang.Object, java.lang.Object, java.lang.Object, java.lang.Object, java.lang.Object, java.lang.Object, java.lang.Object, java.lang.Object, java.lang.Object, java.lang.Object, java.lang.Object)'> (0x0000000711df8fb8) 
thrown [s\src\hotspot\share\interpreter\linkResolver.cpp, line 773]
Event: 7.366 Thread 0x000001ce719f65e0 Exception <a 'java/lang/ClassNotFoundException'{0x0000000709865db8}: com/sun/org/apache/xerces/internal/impl/xpath/regex/spi/messageProvider> (0x0000000709865db8) 
thrown [s\src\hotspot\share\classfile\systemDictionary.cpp, line 312]
Event: 7.493 Thread 0x000001ce719f65e0 Exception <a 'java/lang/NoSuchMethodError'{0x00000007095a9308}: 'java.lang.Object java.lang.invoke.DirectMethodHandle$Holder.newInvokeSpecial(java.lang.Object, java.lang.Object, int, java.lang.Object, java.lang.Object)'> (0x00000007095a9308) 
thrown [s\src\hotspot\share\interpreter\linkResolver.cpp, line 773]

ZGC Phase Switch (0 events):
No events

VM Operations (20 events):
Event: 2578.911 Executing VM operation: Cleanup
Event: 2578.911 Executing VM operation: Cleanup done
Event: 2954.431 Executing VM operation: Cleanup
Event: 2954.431 Executing VM operation: Cleanup done
Event: 2985.665 Executing VM operation: Cleanup
Event: 2985.665 Executing VM operation: Cleanup done
Event: 2996.773 Executing VM operation: Cleanup
Event: 2996.773 Executing VM operation: Cleanup done
Event: 3141.107 Executing VM operation: Cleanup
Event: 3141.107 Executing VM operation: Cleanup done
Event: 3149.188 Executing VM operation: Cleanup
Event: 3149.188 Executing VM operation: Cleanup done
Event: 3518.675 Executing VM operation: Cleanup
Event: 3518.675 Executing VM operation: Cleanup done
Event: 3560.989 Executing VM operation: Cleanup
Event: 3560.989 Executing VM operation: Cleanup done
Event: 3598.280 Executing VM operation: Cleanup
Event: 3598.280 Executing VM operation: Cleanup done
Event: 3830.037 Executing VM operation: Cleanup
Event: 3854.592 Executing VM operation: Cleanup done

Memory protections (0 events):
No events

Nmethod flushes (20 events):
Event: 5.847 Thread 0x000001ce719e0cd0 flushing  nmethod 0x000001ce0058bf90
Event: 5.847 Thread 0x000001ce719e0cd0 flushing  nmethod 0x000001ce005a4610
Event: 5.847 Thread 0x000001ce719e0cd0 flushing  nmethod 0x000001ce005ab190
Event: 5.847 Thread 0x000001ce719e0cd0 flushing  nmethod 0x000001ce005ad710
Event: 5.847 Thread 0x000001ce719e0cd0 flushing  nmethod 0x000001ce0064bd90
Event: 5.847 Thread 0x000001ce719e0cd0 flushing  nmethod 0x000001ce00695110
Event: 5.847 Thread 0x000001ce719e0cd0 flushing  nmethod 0x000001ce006b9f90
Event: 5.847 Thread 0x000001ce719e0cd0 flushing  nmethod 0x000001ce006ba790
Event: 5.847 Thread 0x000001ce719e0cd0 flushing  nmethod 0x000001ce006e2010
Event: 5.847 Thread 0x000001ce719e0cd0 flushing  nmethod 0x000001ce006e2510
Event: 5.847 Thread 0x000001ce719e0cd0 flushing  nmethod 0x000001ce00798990
Event: 5.847 Thread 0x000001ce719e0cd0 flushing  nmethod 0x000001ce00799990
Event: 5.847 Thread 0x000001ce719e0cd0 flushing  nmethod 0x000001ce007c6e90
Event: 5.847 Thread 0x000001ce719e0cd0 flushing  nmethod 0x000001ce007c7f10
Event: 5.847 Thread 0x000001ce719e0cd0 flushing  nmethod 0x000001ce007dc590
Event: 5.847 Thread 0x000001ce719e0cd0 flushing  nmethod 0x000001ce007dc890
Event: 5.847 Thread 0x000001ce719e0cd0 flushing  nmethod 0x000001ce007ddc90
Event: 5.847 Thread 0x000001ce719e0cd0 flushing  nmethod 0x000001ce007f8d90
Event: 5.847 Thread 0x000001ce719e0cd0 flushing  nmethod 0x000001ce00892a10
Event: 5.847 Thread 0x000001ce719e0cd0 flushing  nmethod 0x000001ce00893010

Events (20 events):
Event: 2984.681 Thread 0x000001ce5931a600 Thread added: 0x000001ce5a86e990
Event: 2984.684 Thread 0x000001ce5a86e990 Thread added: 0x000001ce5a86f020
Event: 2989.695 Thread 0x000001ce5a86e990 Thread exited: 0x000001ce5a86e990
Event: 2989.743 Thread 0x000001ce5a86f020 Thread exited: 0x000001ce5a86f020
Event: 3081.468 Thread 0x000001ce5931a600 Thread added: 0x000001ce5a86e990
Event: 3081.484 Thread 0x000001ce5a86e990 Thread added: 0x000001ce5a86f6b0
Event: 3086.494 Thread 0x000001ce5a86e990 Thread exited: 0x000001ce5a86e990
Event: 3086.558 Thread 0x000001ce5a86f6b0 Thread exited: 0x000001ce5a86f6b0
Event: 3140.656 Thread 0x000001ce5931a600 Thread added: 0x000001ce5a86e990
Event: 3140.670 Thread 0x000001ce5a86e990 Thread added: 0x000001ce5a86f020
Event: 3145.679 Thread 0x000001ce5a86e990 Thread exited: 0x000001ce5a86e990
Event: 3145.740 Thread 0x000001ce5a86f020 Thread exited: 0x000001ce5a86f020
Event: 3148.689 Thread 0x000001ce5931a600 Thread added: 0x000001ce5a86e990
Event: 3148.690 Thread 0x000001ce5a86e990 Thread added: 0x000001ce5a86f020
Event: 3153.706 Thread 0x000001ce5a86e990 Thread exited: 0x000001ce5a86e990
Event: 3153.737 Thread 0x000001ce5a86f020 Thread exited: 0x000001ce5a86f020
Event: 3518.430 Thread 0x000001ce5931a600 Thread added: 0x000001ce5a86e990
Event: 3518.439 Thread 0x000001ce5a86e990 Thread added: 0x000001ce5a86f6b0
Event: 3523.460 Thread 0x000001ce5a86e990 Thread exited: 0x000001ce5a86e990
Event: 3523.662 Thread 0x000001ce5a86f6b0 Thread exited: 0x000001ce5a86f6b0


Dynamic libraries:
0x00007ff7b4740000 - 0x00007ff7b474e000 	C:\Program Files\Eclipse Adoptium\jdk-21.0.8.9-hotspot\bin\java.exe
0x00007ffb90b20000 - 0x00007ffb90d89000 	C:\WINDOWS\SYSTEM32\ntdll.dll
0x00007ffb8ea60000 - 0x00007ffb8eb29000 	C:\WINDOWS\System32\KERNEL32.DLL
0x00007ffb8e020000 - 0x00007ffb8e413000 	C:\WINDOWS\System32\KERNELBASE.dll
0x00007ffb8dcb0000 - 0x00007ffb8ddfb000 	C:\WINDOWS\System32\ucrtbase.dll
0x00007ffb7ce40000 - 0x00007ffb7ce58000 	C:\Program Files\Eclipse Adoptium\jdk-21.0.8.9-hotspot\bin\jli.dll
0x00007ffb7de50000 - 0x00007ffb7de6e000 	C:\Program Files\Eclipse Adoptium\jdk-21.0.8.9-hotspot\bin\VCRUNTIME140.dll
0x00007ffb8eb30000 - 0x00007ffb8ecf4000 	C:\WINDOWS\System32\USER32.dll
0x00007ffb8e4d0000 - 0x00007ffb8e4f7000 	C:\WINDOWS\System32\win32u.dll
0x00007ffb8ff50000 - 0x00007ffb8ff7b000 	C:\WINDOWS\System32\GDI32.dll
0x00007ffb58010000 - 0x00007ffb582a3000 	C:\WINDOWS\WinSxS\amd64_microsoft.windows.common-controls_6595b64144ccf1df_6.0.26100.5074_none_3e0d6f78e32fd63f\COMCTL32.dll
0x00007ffb8e500000 - 0x00007ffb8e62d000 	C:\WINDOWS\System32\gdi32full.dll
0x00007ffb8fc70000 - 0x00007ffb8fd19000 	C:\WINDOWS\System32\msvcrt.dll
0x00007ffb8e420000 - 0x00007ffb8e4c3000 	C:\WINDOWS\System32\msvcp_win.dll
0x00007ffb8fc30000 - 0x00007ffb8fc5f000 	C:\WINDOWS\System32\IMM32.DLL
0x00007ffb7e8d0000 - 0x00007ffb7e8dc000 	C:\Program Files\Eclipse Adoptium\jdk-21.0.8.9-hotspot\bin\vcruntime140_1.dll
0x00007ffb728e0000 - 0x00007ffb7296d000 	C:\Program Files\Eclipse Adoptium\jdk-21.0.8.9-hotspot\bin\msvcp140.dll
0x00007ffade380000 - 0x00007ffadf117000 	C:\Program Files\Eclipse Adoptium\jdk-21.0.8.9-hotspot\bin\server\jvm.dll
0x00007ffb907c0000 - 0x00007ffb90874000 	C:\WINDOWS\System32\ADVAPI32.dll
0x00007ffb8f550000 - 0x00007ffb8f5f6000 	C:\WINDOWS\System32\sechost.dll
0x00007ffb8fd30000 - 0x00007ffb8fe48000 	C:\WINDOWS\System32\RPCRT4.dll
0x00007ffb8ed00000 - 0x00007ffb8ed74000 	C:\WINDOWS\System32\WS2_32.dll
0x00007ffb87ac0000 - 0x00007ffb87af5000 	C:\WINDOWS\SYSTEM32\WINMM.dll
0x00007ffb82d50000 - 0x00007ffb82d5b000 	C:\WINDOWS\SYSTEM32\VERSION.dll
0x00007ffb8db10000 - 0x00007ffb8db6e000 	C:\WINDOWS\SYSTEM32\POWRPROF.dll
0x00007ffb8daf0000 - 0x00007ffb8db04000 	C:\WINDOWS\SYSTEM32\UMPDC.dll
0x00007ffb8ca50000 - 0x00007ffb8ca6b000 	C:\WINDOWS\SYSTEM32\kernel.appcore.dll
0x00007ffb7de40000 - 0x00007ffb7de4a000 	C:\Program Files\Eclipse Adoptium\jdk-21.0.8.9-hotspot\bin\jimage.dll
0x00007ffb8b0e0000 - 0x00007ffb8b322000 	C:\WINDOWS\SYSTEM32\DBGHELP.DLL
0x00007ffb8f8b0000 - 0x00007ffb8fc2b000 	C:\WINDOWS\System32\combase.dll
0x00007ffb8f310000 - 0x00007ffb8f3e7000 	C:\WINDOWS\System32\OLEAUT32.dll
0x00007ffb70e20000 - 0x00007ffb70e5d000 	C:\WINDOWS\SYSTEM32\dbgcore.DLL
0x00007ffb8de00000 - 0x00007ffb8de99000 	C:\WINDOWS\System32\bcryptPrimitives.dll
0x00007ffb78d90000 - 0x00007ffb78daf000 	C:\Program Files\Eclipse Adoptium\jdk-21.0.8.9-hotspot\bin\java.dll
0x00007ffb90070000 - 0x00007ffb907bd000 	C:\WINDOWS\System32\SHELL32.dll
0x00007ffb8e780000 - 0x00007ffb8e8ec000 	C:\WINDOWS\System32\wintypes.dll
0x00007ffb8b6c0000 - 0x00007ffb8bf19000 	C:\WINDOWS\SYSTEM32\windows.storage.dll
0x00007ffb8fe50000 - 0x00007ffb8ff40000 	C:\WINDOWS\System32\SHCORE.dll
0x00007ffb90880000 - 0x00007ffb908e2000 	C:\WINDOWS\System32\shlwapi.dll
0x00007ffb8dbd0000 - 0x00007ffb8dbf9000 	C:\WINDOWS\SYSTEM32\profapi.dll
0x00007ffb72230000 - 0x00007ffb72307000 	C:\Program Files\Eclipse Adoptium\jdk-21.0.8.9-hotspot\bin\jsvml.dll
0x00007ffb78d60000 - 0x00007ffb78d70000 	C:\Program Files\Eclipse Adoptium\jdk-21.0.8.9-hotspot\bin\net.dll
0x00007ffb869e0000 - 0x00007ffb86aff000 	C:\WINDOWS\SYSTEM32\WINHTTP.dll
0x00007ffb8cfb0000 - 0x00007ffb8d01b000 	C:\WINDOWS\system32\mswsock.dll
0x00007ffb73250000 - 0x00007ffb73266000 	C:\Program Files\Eclipse Adoptium\jdk-21.0.8.9-hotspot\bin\nio.dll
0x00007ffb78d70000 - 0x00007ffb78d88000 	C:\Program Files\Eclipse Adoptium\jdk-21.0.8.9-hotspot\bin\zip.dll
0x00007ffb730b0000 - 0x00007ffb730be000 	C:\Program Files\Eclipse Adoptium\jdk-21.0.8.9-hotspot\bin\sunmscapi.dll
0x00007ffb8dea0000 - 0x00007ffb8e017000 	C:\WINDOWS\System32\CRYPT32.dll
0x00007ffb8d4d0000 - 0x00007ffb8d500000 	C:\WINDOWS\SYSTEM32\ncrypt.dll
0x00007ffb8d480000 - 0x00007ffb8d4bf000 	C:\WINDOWS\SYSTEM32\NTASN1.dll
0x00007ffb8d380000 - 0x00007ffb8d39b000 	C:\WINDOWS\SYSTEM32\CRYPTSP.dll
0x00007ffb8c9b0000 - 0x00007ffb8c9eb000 	C:\WINDOWS\system32\rsaenh.dll
0x00007ffb8d050000 - 0x00007ffb8d07b000 	C:\WINDOWS\SYSTEM32\USERENV.dll
0x00007ffb8dba0000 - 0x00007ffb8dbc6000 	C:\WINDOWS\SYSTEM32\bcrypt.dll
0x00007ffb8d1e0000 - 0x00007ffb8d1ec000 	C:\WINDOWS\SYSTEM32\CRYPTBASE.dll
0x00007ffb8c1e0000 - 0x00007ffb8c214000 	C:\WINDOWS\SYSTEM32\IPHLPAPI.DLL
0x00007ffb8f600000 - 0x00007ffb8f60a000 	C:\WINDOWS\System32\NSI.dll
0x00007ffb730e0000 - 0x00007ffb730ea000 	C:\Program Files\Eclipse Adoptium\jdk-21.0.8.9-hotspot\bin\management.dll
0x00007ffb730d0000 - 0x00007ffb730db000 	C:\Program Files\Eclipse Adoptium\jdk-21.0.8.9-hotspot\bin\management_ext.dll
0x00007ffb90060000 - 0x00007ffb90068000 	C:\WINDOWS\System32\PSAPI.DLL
0x00007ffb8c220000 - 0x00007ffb8c346000 	C:\WINDOWS\SYSTEM32\DNSAPI.dll
0x00007ffb869b0000 - 0x00007ffb869bb000 	C:\Windows\System32\rasadhlp.dll
0x00007ffb87510000 - 0x00007ffb87596000 	C:\WINDOWS\System32\fwpuclnt.dll
0x00007ffb730c0000 - 0x00007ffb730c9000 	C:\Program Files\Eclipse Adoptium\jdk-21.0.8.9-hotspot\bin\extnet.dll
0x00007ffb733b0000 - 0x00007ffb733c0000 	C:\Program Files\Eclipse Adoptium\jdk-21.0.8.9-hotspot\bin\verify.dll
0x00007ffb49040000 - 0x00007ffb49048000 	C:\WINDOWS\system32\wshunix.dll

JVMTI agents: none

dbghelp: loaded successfully - version: 4.0.5 - missing functions: none
symbol engine: initialized successfully - sym options: 0x614 - pdb path: .;C:\Program Files\Eclipse Adoptium\jdk-21.0.8.9-hotspot\bin;C:\WINDOWS\SYSTEM32;C:\WINDOWS\WinSxS\amd64_microsoft.windows.common-controls_6595b64144ccf1df_6.0.26100.5074_none_3e0d6f78e32fd63f;C:\Program Files\Eclipse Adoptium\jdk-21.0.8.9-hotspot\bin\server

VM Arguments:
jvm_args: -Dfile.encoding=UTF-8 -Duser.country=ZA -Duser.language=en -Duser.variant 
java_command: com.test.app.TestAppBackEnd.TestAppBackEndApplication
java_class_path (initial): C:\Users\philasandeB\Desktop\My Apps\TestAppBackEnd\TestAppBackEnd\build\classes\java\main;C:\Users\philasandeB\Desktop\My Apps\TestAppBackEnd\TestAppBackEnd\build\resources\main;C:\Users\philasandeB\.gradle\caches\modules-2\files-2.1\org.springframework.boot\spring-boot-starter-data-jpa\3.5.5\1b0c807e0f584dcf2c8fe7360c07ff18faeacf30\spring-boot-starter-data-jpa-3.5.5.jar;C:\Users\philasandeB\.gradle\caches\modules-2\files-2.1\org.springframework.boot\spring-boot-starter-security\3.5.5\d46f4927ef806fbbb509da0fbeabc9274163ef4c\spring-boot-starter-security-3.5.5.jar;C:\Users\philasandeB\.gradle\caches\modules-2\files-2.1\org.springframework.boot\spring-boot-starter-validation\3.5.5\5510bd155652ef231976f1ff1ca1bb1d9698829c\spring-boot-starter-validation-3.5.5.jar;C:\Users\philasandeB\.gradle\caches\modules-2\files-2.1\org.springframework.boot\spring-boot-starter-web\3.5.5\b9039cd5aa1feda2cfbd487233e343f66627f78f\spring-boot-starter-web-3.5.5.jar;C:\Users\philasandeB\.gradle\caches\modules-2\files-2.1\org.springframework.session\spring-session-jdbc\3.5.2\49608b767209647632ac3014a8f9c0eee240d49b\spring-session-jdbc-3.5.2.jar;C:\Users\philasandeB\.gradle\caches\modules-2\files-2.1\io.jsonwebtoken\jjwt-impl\0.11.5\40a599f0e8a8e4e0701596fbb15e67bfda64fdf0\jjwt-impl-0.11.5.jar;C:\Users\philasandeB\.gradle\caches\modules-2\files-2.1\io.jsonwebtoken\jjwt-jackson\0.11.5\3b83a06809e98a69402d7333dcf67df6f6ea4579\jjwt-jackson-0.11.5.jar;C:\Users\philasandeB\.gradle\caches\modules-2\files-2.1\io.jsonwebtoken\jjwt-api\0.11.5\f742940045619d06383e7df37b21ac422b476cf1\jjwt-api-0.11.5.jar;C:\Users\philasandeB\.gradle\caches\modules-2\files-2.1\com.mysql\mysql-connector-j\9.4.0\8f6c66269048fbd2316b7b45d75898ebee44986f\mysql-connector-j-9.4.0.jar;C:\Users\philasandeB\.gradle\caches\modules-2\files-2.1\org.springframework.boot\spring-boot-starter-jdbc\3.5.5\25ab9d086e35f606ea0147b10defdd1c8be3f25\spring-boot-starter-jdbc-3.5.5.jar;C:\Users\philasandeB\.gradle\caches\modules-2\files-2.1\org.springframework.boot\spring-boot-starter-json\3.5.5\316736898ceac2a806e08e981ea059c78b982383\spring-boot-starter-json-3.5.5.jar;C:\Users\philasandeB\.gradle\caches\modules-2\files-2.1\org.springframework.boot\spring-boot-starter\3.5.5\f0e27ab73519ebebfc72c9b16ccde342cc9f599d\spring-boot-starter-3.5.5.jar;C:\Users\philasandeB\.gradle\caches\modules-2\files-2.1\org.hibernate.orm\hibernate-core\6.6.26.Final\4a89014a34c7c46d15da49de85aa879c603c962\hibernate-core-6.6.26.Final.jar;C:\Users\philasandeB\.gradle\caches\modules-2\files-2.1\org.springframework.data\spring-data-jpa\3.5.3\ed2764475a3c53fec8d1b844f9700ce6427b29dc\spring-data-jpa-3.5.3.jar;C:\Users\philasandeB\.gradle\caches\modules-2\files-2.1\org.springframework\spring-aspects\6.2.10\34303b4c9a50261522dbce2d4c3c659660b3c33\spring-aspects-6.2.10.jar;C:\Users\philasandeB\.gradle\caches\modules-2\files-2.1\org.springframework.security\spring-security-config\6.5.3\3f6b50fd0d0bd61dc1bc4e49c055b6995c47c2a3\spring-security-config-6.5.3.jar;C:\Users\philasandeB\.gradle\caches\modules-2\files-2.1\org.springframework.security\spring-security-web\6.5.3\29e50540ef987241f13ece8aa4297c524cdca5ed\spring-security-web-6.5.3.jar;C:\Users\philasandeB\.gradle\caches\modules-2\files-2.1\org.springframework\spring-webmvc\6.2.10\d3491aedc2636378cd273f6266d49f43a8b3e241\spring-webmvc-6.2.10.jar;C:\Users\philasandeB\.gradle\caches\modules-2\files-2.1\org.springframework.boot\spring-boot-autoconfigure\3.5.5\348f4fb99d61a1ea039a44ec667b61657adb54b2\spring-boot-autoconfigure-3.5.5.jar;C:\Users\philasandeB\.gradle\caches\modules-2\files-2.1\org.springframework.boot\spring-boot\3.5.5\7d50b76ea4905d6c61fea5cb6556bc735c55da1\spring-boot-3.5.5.jar;C:\Users\philasandeB\.gradle\caches\modules-2\files-2.1\org.springframework.security\spring-security-core\6.5.3\1f526b23fad4f4db5c8cc1c30eed7abb82d32702\spring-security-core-6.5.3.jar;C:\Users\philasandeB\.gradle\caches\modules-2\files-2.1\org.springframework\spring-context\6.2.10\80464a79539a19a00e32eccb041670f34857fe7\spring-context-6.2.10.jar;C:\Users\philasandeB\.gradle\caches\modules-2\files-2.1\org.springframework\spring-aop\6.2.10\2b194c29deaadb71a8a8e5b8b41d9521c29a0d66\spring-aop-6.2.10.jar;C:\Users\philasandeB\.gradle\caches\modules-2\files-2.1\org.springframework.boot\spring-boot-starter-tomcat\3.5.5\c1342d34e6eeee72d98675d413ae2e925ea22852\spring-boot-starter-tomcat-3.5.5.jar;C:\Users\philasandeB\.gradle\caches\modules-2\files-2.1\org.apache.tomcat.embed\tomcat-embed-el\10.1.44\6ee7685651c5eba1f4bef99f9dbb38b89d1a6cb6\tomcat-embed-el-10.1.44.jar;C:\Users\philasandeB\.gradle\caches\modules-2\files-2.1\org.hibernate.validator\hibernate-validator\8.0.3.Final\4425f554297a1c5ba03a3f30e559a9fd91048cf8\hibernate-validator-8.0.3.Final.jar;C:\Users\philasandeB\.gradle\caches\modules-2\files-2.1\org.springframework\spring-web\6.2.10\38c2f6633a44b385b6263294c38e5a4f217c005c\spring-web-6.2.10.jar;C:\Users\philasandeB\.gradle\caches\modules-2\files-2.1\org.springframework.session\spring-session-core\3.5.2\49185a868e00bb2ccb9226ba255e565393f8d5fc\spring-session-core-3.5.2.jar;C:\Users\philasandeB\.gradle\caches\modules-2\files-2.1\org.springframework\spring-orm\6.2.10\4bf04f4693bfbb56248b0dccc7f5e0ec77f95ca6\spring-orm-6.2.10.jar;C:\Users\philasandeB\.gradle\caches\modules-2\files-2.1\org.springframework\spring-jdbc\6.2.10\4514e36bf0880464b9b55ecf0ea6ebd7362b664\spring-jdbc-6.2.10.jar;C:\Users\philasandeB\.gradle\caches\modules-2\files-2.1\com.fasterxml.jackson.datatype\jackson-datatype-jsr310\2.19.2\72e73f048b36d9df82aef146bf8b2ae63b2e28e2\jackson-datatype-jsr310-2.19.2.jar;C:\Users\philasandeB\.gradle\caches\modules-2\files-2.1\com.fasterxml.jackson.module\jackson-module-parameter-names\2.19.2\3c4ce467c11364c72ec4967c570fd5a2d1be1d0b\jackson-module-parameter-names-2.19.2.jar;C:\Users\philasandeB\.gradle\caches\modules-2\files-2.1\com.fasterxml.jackson.core\jackson-annotations\2.19.2\c5381f11988ae3d424b197a26087d86067b6d7d\jackson-annotations-2.19.2.jar;C:\Users\philasandeB\.gradle\caches\modules-2\files-2.1\com.fasterxml.jackson.core\jackson-core\2.19.2\50f3b4bd59b9ff51a0ed493e7b5abaf5c39709bf\jackson-core-2.19.2.jar;C:\Users\philasandeB\.gradle\caches\modules-2\files-2.1\com.fasterxml.jackson.datatype\jackson-datatype-jdk8\2.19.2\a720d3946c3a1ab04b780f3b3163d62eee6948a0\jackson-datatype-jdk8-2.19.2.jar;C:\Users\philasandeB\.gradle\caches\modules-2\files-2.1\com.fasterxml.jackson.core\jackson-databind\2.19.2\46509399d28f57ca32c6bb4b0d4e10e8f062051e\jackson-databind-2.19.2.jar;C:\Users\philasandeB\.gradle\caches\modules-2\files-2.1\org.springframework.boot\spring-boot-starter-logging\3.5.5\981750c503485e442e37b7cac1dc19c5ddfc6d58\spring-boot-starter-logging-3.5.5.jar;C:\Users\philasandeB\.gradle\caches\modules-2\files-2.1\jakarta.annotation\jakarta.annotation-api\2.1.1\48b9bda22b091b1f48b13af03fe36db3be6e1ae3\jakarta.annotation-api-2.1.1.jar;C:\Users\philasandeB\.gradle\caches\modules-2\files-2.1\org.springframework.data\spring-data-commons\3.5.3\886e56cfc383f757f057901dc7c448d8dcc73fed\spring-data-commons-3.5.3.jar;C:\Users\philasandeB\.gradle\caches\modules-2\files-2.1\org.springframework\spring-tx\6.2.10\bd4915d9862f127b45bae75195622d84f36a5373\spring-tx-6.2.10.jar;C:\Users\philasandeB\.gradle\caches\modules-2\files-2.1\org.springframework\spring-beans\6.2.10\88ffda89593a74bb356a96ea2ed235ec6e083cfa\spring-beans-6.2.10.jar;C:\Users\philasandeB\.gradle\caches\modules-2\files-2.1\org.springframework\spring-expression\6.2.10\16bdfead8a73673e395441c14b1868a128fc87c2\spring-expression-6.2.10.jar;C:\Users\philasandeB\.gradle\caches\modules-2\files-2.1\org.springframework\spring-core\6.2.10\82d9c797f9147b643ac0aab8a1a40e96f8d8a737\spring-core-6.2.10.jar;C:\Users\philasandeB\.gradle\caches\modules-2\files-2.1\org.yaml\snakeyaml\2.4\e0666b825b796f85521f02360e77f4c92c5a7a07\snakeyaml-2.4.jar;C:\Users\philasandeB\.gradle\caches\modules-2\files-2.1\com.zaxxer\HikariCP\6.3.2\d09ad7d252c2a8daaa99ed5f3b0d54f95b9b344\HikariCP-6.3.2.jar;C:\Users\philasandeB\.gradle\caches\modules-2\files-2.1\jakarta.persistence\jakarta.persistence-api\3.1.0\66901fa1c373c6aff65c13791cc11da72060a8d6\jakarta.persistence-api-3.1.0.jar;C:\Users\philasandeB\.gradle\caches\modules-2\files-2.1\jakarta.transaction\jakarta.transaction-api\2.0.1\51a520e3fae406abb84e2e1148e6746ce3f80a1a\jakarta.transaction-api-2.0.1.jar;C:\Users\philasandeB\.gradle\caches\modules-2\files-2.1\org.jboss.logging\jboss-logging\3.6.1.Final\886afbb445b4016a37c8960a7aef6ebd769ce7e5\jboss-logging-3.6.1.Final.jar;C:\Users\philasandeB\.gradle\caches\modules-2\files-2.1\org.hibernate.common\hibernate-commons-annotations\7.0.3.Final\e183c4be8bb41d12e9f19b374e00c34a0a85f439\hibernate-commons-annotations-7.0.3.Final.jar;C:\Users\philasandeB\.gradle\caches\modules-2\files-2.1\io.smallrye\jandex\3.2.0\f17ad860f62a08487b9edabde608f8ac55c62fa7\jandex-3.2.0.jar;C:\Users\philasandeB\.gradle\caches\modules-2\files-2.1\com.fasterxml\classmate\1.7.0\e98374da1f2143ac8e6e0a95036994bb19137a3\classmate-1.7.0.jar;C:\Users\philasandeB\.gradle\caches\modules-2\files-2.1\net.bytebuddy\byte-buddy\1.17.7\3856bfab61beb23e099a0d6629f2ba8de4b98ace\byte-buddy-1.17.7.jar;C:\Users\philasandeB\.gradle\caches\modules-2\files-2.1\org.glassfish.jaxb\jaxb-runtime\4.0.5\ca84c2a7169b5293e232b9d00d1e4e36d4c3914a\jaxb-runtime-4.0.5.jar;C:\Users\philasandeB\.gradle\caches\modules-2\files-2.1\org.glassfish.jaxb\jaxb-core\4.0.5\7b4b11ea5542eea4ad55e1080b23be436795b3\jaxb-core-4.0.5.jar;C:\Users\philasandeB\.gradle\caches\modules-2\files-2.1\jakarta.xml.bind\jakarta.xml.bind-api\4.0.2\6cd5a999b834b63238005b7144136379dc36cad2\jakarta.xml.bind-api-4.0.2.jar;C:\Users\philasandeB\.gradle\caches\modules-2\files-2.1\jakarta.inject\jakarta.inject-api\2.0.1\4c28afe1991a941d7702fe1362c365f0a8641d1e\jakarta.inject-api-2.0.1.jar;C:\Users\philasandeB\.gradle\caches\modules-2\files-2.1\org.antlr\antlr4-runtime\4.13.0\5a02e48521624faaf5ff4d99afc88b01686af655\antlr4-runtime-4.13.0.jar;C:\Users\philasandeB\.gradle\caches\modules-2\files-2.1\ch.qos.logback\logback-classic\1.5.18\fc371f3fc97a639de2d67947cffb7518ec5e3d40\logback-classic-1.5.18.jar;C:\Users\philasandeB\.gradle\caches\modules-2\files-2.1\org.apache.logging.log4j\log4j-to-slf4j\2.24.3\da1143e2a2531ee1c2d90baa98eb50a28a39d5a7\log4j-to-slf4j-2.24.3.jar;C:\Users\philasandeB\.gradle\caches\modules-2\files-2.1\org.slf4j\jul-to-slf4j\2.0.17\524cb6ccc2b68a57604750e1ab8b13b5a786a6aa\jul-to-slf4j-2.0.17.jar;C:\Users\philasandeB\.gradle\caches\modules-2\files-2.1\org.slf4j\slf4j-api\2.0.17\d9e58ac9c7779ba3bf8142aff6c830617a7fe60f\slf4j-api-2.0.17.jar;C:\Users\philasandeB\.gradle\caches\modules-2\files-2.1\org.aspectj\aspectjweaver\1.9.24\9b5aeb0cea9f958b9c57fb80e62996e95a3e9379\aspectjweaver-1.9.24.jar;C:\Users\philasandeB\.gradle\caches\modules-2\files-2.1\jakarta.validation\jakarta.validation-api\3.0.2\92b6631659ba35ca09e44874d3eb936edfeee532\jakarta.validation-api-3.0.2.jar;C:\Users\philasandeB\.gradle\caches\modules-2\files-2.1\org.apache.tomcat.embed\tomcat-embed-websocket\10.1.44\1966a8224858c4b4480469bfcdcaa3f8faf59cc7\tomcat-embed-websocket-10.1.44.jar;C:\Users\philasandeB\.gradle\caches\modules-2\files-2.1\org.apache.tomcat.embed\tomcat-embed-core\10.1.44\5e18d00936ca925c9249f1a8e77c0e8adf1d6287\tomcat-embed-core-10.1.44.jar;C:\Users\philasandeB\.gradle\caches\modules-2\files-2.1\io.micrometer\micrometer-observation\1.15.3\e95d07e329f6d3ecb15a6ba1c5d96c25b9df0a97\micrometer-observation-1.15.3.jar;C:\Users\philasandeB\.gradle\caches\modules-2\files-2.1\org.springframework\spring-jcl\6.2.10\9ff7e998fe11d991f6b7fd000a0c6583c9e6ffee\spring-jcl-6.2.10.jar;C:\Users\philasandeB\.gradle\caches\modules-2\files-2.1\org.eclipse.angus\angus-activation\2.0.2\41f1e0ddd157c856926ed149ab837d110955a9fc\angus-activation-2.0.2.jar;C:\Users\philasandeB\.gradle\caches\modules-2\files-2.1\jakarta.activation\jakarta.activation-api\2.1.3\fa165bd70cda600368eee31555222776a46b881f\jakarta.activation-api-2.1.3.jar;C:\Users\philasandeB\.gradle\caches\modules-2\files-2.1\org.springframework.security\spring-security-crypto\6.5.3\b120779667b42a1a412aa0e4426dfab5287f2d5a\spring-security-crypto-6.5.3.jar;C:\Users\philasandeB\.gradle\caches\modules-2\files-2.1\io.micrometer\micrometer-commons\1.15.3\3a97060d64a54daa11f14365aebc559fa8820281\micrometer-commons-1.15.3.jar;C:\Users\philasandeB\.gradle\caches\modules-2\files-2.1\ch.qos.logback\logback-core\1.5.18\6c0375624f6f36b4e089e2488ba21334a11ef13f\logback-core-1.5.18.jar;C:\Users\philasandeB\.gradle\caches\modules-2\files-2.1\org.apache.logging.log4j\log4j-api\2.24.3\b02c125db8b6d295adf72ae6e71af5d83bce2370\log4j-api-2.24.3.jar;C:\Users\philasandeB\.gradle\caches\modules-2\files-2.1\org.glassfish.jaxb\txw2\4.0.5\f36a4ef12120a9bb06d766d6a0e54b144fd7ed98\txw2-4.0.5.jar;C:\Users\philasandeB\.gradle\caches\modules-2\files-2.1\com.sun.istack\istack-commons-runtime\4.1.2\18ec117c85f3ba0ac65409136afa8e42bc74e739\istack-commons-runtime-4.1.2.jar
Launcher Type: SUN_STANDARD

[Global flags]
     intx CICompilerCount                          = 4                                         {product} {ergonomic}
     uint ConcGCThreads                            = 3                                         {product} {ergonomic}
     uint G1ConcRefinementThreads                  = 10                                        {product} {ergonomic}
   size_t G1HeapRegionSize                         = 2097152                                   {product} {ergonomic}
    uintx GCDrainStackTargetSize                   = 64                                        {product} {ergonomic}
   size_t InitialHeapSize                          = 264241152                                 {product} {ergonomic}
   size_t MarkStackSize                            = 4194304                                   {product} {ergonomic}
   size_t MaxHeapSize                              = 4200595456                                {product} {ergonomic}
   size_t MaxNewSize                               = 2518679552                                {product} {ergonomic}
   size_t MinHeapDeltaBytes                        = 2097152                                   {product} {ergonomic}
   size_t MinHeapSize                              = 8388608                                   {product} {ergonomic}
    uintx NonNMethodCodeHeapSize                   = 5839372                                {pd product} {ergonomic}
    uintx NonProfiledCodeHeapSize                  = 122909434                              {pd product} {ergonomic}
    uintx ProfiledCodeHeapSize                     = 122909434                              {pd product} {ergonomic}
    uintx ReservedCodeCacheSize                    = 251658240                              {pd product} {ergonomic}
     bool SegmentedCodeCache                       = true                                      {product} {ergonomic}
   size_t SoftMaxHeapSize                          = 4200595456                             {manageable} {ergonomic}
     bool UseCompressedOops                        = true                           {product lp64_product} {ergonomic}
     bool UseG1GC                                  = true                                      {product} {ergonomic}
     bool UseLargePagesIndividualAllocation        = false                                  {pd product} {ergonomic}

Logging:
Log output configuration:
 #0: stdout all=warning uptime,level,tags foldmultilines=false
 #1: stderr all=off uptime,level,tags foldmultilines=false

Environment Variables:
JAVA_HOME=C:\Program Files\Eclipse Adoptium\jdk-21.0.8.9-hotspot
PATH=C:\Program Files\Eclipse Adoptium\jdk-21.0.8.9-hotspot\bin;C:\Program Files\Common Files\Oracle\Java\javapath;C:\WINDOWS\system32;C:\WINDOWS;C:\WINDOWS\System32\Wbem;C:\WINDOWS\System32\WindowsPowerShell\v1.0\;C:\WINDOWS\System32\OpenSSH\;C:\Program Files (x86)\Microsoft SQL Server\160\Tools\Binn\;C:\Program Files\Microsoft SQL Server\160\Tools\Binn\;C:\Program Files\Microsoft SQL Server\Client SDK\ODBC\170\Tools\Binn\;C:\Program Files\Microsoft SQL Server\160\DTS\Binn\;C:\Program Files\Azure Data Studio\bin;C:\Users\philasandeB\AppData\Roaming\nvm;C:\Program Files\nodejs;C:\Program Files\Microsoft SQL Server\150\Tools\Binn\;c:\Users\philasandeB\AppData\Local\Programs\cursor\resources\app\bin;C:\Program Files (x86)\Windows Kits\10\Windows Performance Toolkit\;C:\Program Files\Git\cmd;C:\Program Files\nodejs\;C:\Program Files\Docker\Docker\resources\bin;C:\Program Files\dotnet\;C:\Program Files (x86)\Microsoft SQL Server\160\DTS\Binn\;C:\Users\philasandeB\.console-ninja\.bin;C:\Path\To\Java\17\bin;C:\Program Files\Eclipse Adoptium\jdk-21.0.8.9-hotspot\bin;C:\Program Files\Common Files\Oracle\Java\javapath;C:\WINDOWS\system32;C:\WINDOWS;C:\WINDOWS\System32\Wbem;C:\WINDOWS\System32\WindowsPowerShell\v1.0\;C:\WINDOWS\System32\OpenSSH\;C:\Program Files (x86)\Microsoft SQL Server\160\Tools\Binn\;C:\Program Files\Microsoft SQL Server\160\Tools\Binn\;C:\Program Files\Microsoft SQL Server\Client SDK\ODBC\170\Tools\Binn\;C:\Program Files\Microsoft SQL Server\160\DTS\Binn\;C:\Program Files\Azure Data Studio\bin;C:\Users\philasandeB\AppData\Roaming\nvm;C:\Program Files\nodejs;C:\Program Files\Microsoft SQL Server\150\Tools\Binn\;c:\Users\philasandeB\AppData\Local\Programs\cursor\resources\app\bin;C:\Program Files (x86)\Windows Kits\10\Windows Performance Toolkit\;C:\Program Files\Git\cmd;C:\Program Files\nodejs\;C:\Program Files\Docker\Docker\resources\bin;C:\Program Files\dotnet\;C:\Program Files (x86)\Microsoft SQL Server\160\DTS\Binn\;C:\Path\To\J;C:\Users\philasandeB\AppData\Local\Programs\cursor\resources\app\bin
USERNAME=PhilasandeB
OS=Windows_NT
PROCESSOR_IDENTIFIER=Intel64 Family 6 Model 186 Stepping 3, GenuineIntel
TMP=C:\Users\PHILAS~1\AppData\Local\Temp
TEMP=C:\Users\PHILAS~1\AppData\Local\Temp




Periodic native trim disabled

---------------  S Y S T E M  ---------------

OS:
 Windows 11 , 64 bit Build 26100 (10.0.26100.5074)
OS uptime: 2 days 11:00 hours
Hyper-V role detected

CPU: total 12 (initial active 12) (6 cores per cpu, 2 threads per core) family 6 model 186 stepping 3 microcode 0x4122, cx8, cmov, fxsr, ht, mmx, 3dnowpref, sse, sse2, sse3, ssse3, sse4.1, sse4.2, popcnt, lzcnt, tsc, tscinvbit, avx, avx2, aes, erms, clmul, bmi1, bmi2, adx, sha, fma, vzeroupper, clflush, clflushopt, clwb, hv, serialize, rdtscp, rdpid, fsrm, f16c, cet_ibt, cet_ss
Processor Information for processor 0
  Max Mhz: 1700, Current Mhz: 1700, Mhz Limit: 1700
Processor Information for processor 1
  Max Mhz: 1700, Current Mhz: 1700, Mhz Limit: 1700
Processor Information for processor 2
  Max Mhz: 1700, Current Mhz: 1700, Mhz Limit: 1700
Processor Information for processor 3
  Max Mhz: 1700, Current Mhz: 1700, Mhz Limit: 1700
Processor Information for processor 4
  Max Mhz: 1700, Current Mhz: 1700, Mhz Limit: 1700
Processor Information for processor 5
  Max Mhz: 1700, Current Mhz: 1700, Mhz Limit: 1700
Processor Information for processor 6
  Max Mhz: 1700, Current Mhz: 1558, Mhz Limit: 1700
Processor Information for processor 7
  Max Mhz: 1700, Current Mhz: 1700, Mhz Limit: 1700
Processor Information for processor 8
  Max Mhz: 1700, Current Mhz: 1558, Mhz Limit: 1700
Processor Information for processor 9
  Max Mhz: 1700, Current Mhz: 1558, Mhz Limit: 1700
Processor Information for processor 10
  Max Mhz: 1700, Current Mhz: 1700, Mhz Limit: 1700
Processor Information for processor 11
  Max Mhz: 1700, Current Mhz: 1558, Mhz Limit: 1700

Memory: 4k page, system-wide physical 16016M (446M free)
TotalPageFile size 65168M (AvailPageFile size 147M)
current process WorkingSet (physical memory assigned to process): 20M, peak: 307M
current process commit charge ("private bytes"): 307M, peak: 421M

vm_info: OpenJDK 64-Bit Server VM (21.0.8+9-LTS) for windows-amd64 JRE (21.0.8+9-LTS), built on 2025-07-15T00:00:00Z by "admin" with MS VC++ 17.7 (VS2022)

END.
